<?xml version="1.0" encoding="UTF-8"?>
<!-- Generated by org.testng.reporters.JUnitReportReporter -->
<testsuite hostname="LAPTOP-TSRJT5VI" failures="0" tests="1" name="com.Interview.Excel_Data" time="1.296" errors="0" timestamp="2022-03-09T14:10:30 IST" skipped="0">
  <testcase classname="com.Interview.Excel_Data" name="testdata" time="1.296"/>
  <system-out/>
</testsuite> <!-- com.Interview.Excel_Data -->
